<?xml version="1.0" encoding="UTF-8"?>
<!-- Generated by org.testng.reporters.JUnitReportReporter -->
<testsuite hostname="Ashwani-PC" failures="0" tests="2" name="TestNg.Demo1" time="0.031" errors="0" timestamp="2020-11-09T17:02:07 IST" skipped="0">
  <testcase classname="TestNg.Demo1" name="f_test2" time="0.012"/>
  <system-out/>
  <testcase classname="TestNg.Demo1" name="f_test1" time="0.019"/>
  <system-out/>
</testsuite> <!-- TestNg.Demo1 -->
