<?xml version="1.0" encoding="UTF-8"?>
<!-- Generated by org.testng.reporters.JUnitReportReporter -->
<testsuite hostname="Ashwani-PC" failures="0" tests="5" name="TestNg.DataDrriver_test" time="0.027" errors="0" timestamp="2020-11-09T17:01:30 IST" skipped="0">
  <testcase classname="TestNg.DataDrriver_test" name="test1" time="0.006"/>
  <system-out/>
  <testcase classname="TestNg.DataDrriver_test" name="test2" time="0.003"/>
  <system-out/>
  <testcase classname="TestNg.DataDrriver_test" name="test1" time="0.013"/>
  <system-out/>
  <testcase classname="TestNg.DataDrriver_test" name="test2" time="0.002"/>
  <system-out/>
  <testcase classname="TestNg.DataDrriver_test" name="test1" time="0.003"/>
  <system-out/>
</testsuite> <!-- TestNg.DataDrriver_test -->
